[0504/110327.137:ERROR:process_reader_win.cc(123)] NtOpenThread: {アクセス拒否} プロセスはオブジェクトのアクセスを要求しましたが、アクセス権が与えられていません。 (0xc0000022)
[0504/110327.148:ERROR:exception_snapshot_win.cc(98)] thread ID 10984 not found in process
[0504/110327.151:ERROR:process_reader_win.cc(123)] NtOpenThread: {アクセス拒否} プロセスはオブジェクトのアクセスを要求しましたが、アクセス権が与えられていません。 (0xc0000022)
[0504/110327.151:ERROR:exception_snapshot_win.cc(98)] thread ID 652 not found in process
[0504/190539.546:ERROR:process_reader_win.cc(123)] NtOpenThread: {アクセス拒否} プロセスはオブジェクトのアクセスを要求しましたが、アクセス権が与えられていません。 (0xc0000022)
[0504/190539.547:ERROR:exception_snapshot_win.cc(98)] thread ID 2628 not found in process
[0504/190539.564:ERROR:process_reader_win.cc(123)] NtOpenThread: {アクセス拒否} プロセスはオブジェクトのアクセスを要求しましたが、アクセス権が与えられていません。 (0xc0000022)
[0504/190539.564:ERROR:exception_snapshot_win.cc(98)] thread ID 15724 not found in process
[0504/191500.187:ERROR:process_reader_win.cc(123)] NtOpenThread: {アクセス拒否} プロセスはオブジェクトのアクセスを要求しましたが、アクセス権が与えられていません。 (0xc0000022)
[0504/191500.188:ERROR:exception_snapshot_win.cc(98)] thread ID 15472 not found in process
[0504/191500.250:ERROR:process_info.cc(329)] VirtualQueryEx: アクセスが拒否されました。 (0x5)
[0504/191500.250:ERROR:process_info.cc(556)] ReadMemoryInfo failed
[0504/191500.250:ERROR:process_memory_win.cc(39)] Failed to initialize ProcessInfo.
[0504/191500.250:ERROR:scoped_process_suspend.cc(40)] NtResumeProcess: 既存のプロセスにアクセスしようとしました。 (0xc000010a)
[0504/191824.796:ERROR:process_reader_win.cc(123)] NtOpenThread: {アクセス拒否} プロセスはオブジェクトのアクセスを要求しましたが、アクセス権が与えられていません。 (0xc0000022)
[0504/191824.801:ERROR:exception_snapshot_win.cc(98)] thread ID 3624 not found in process
[0504/191824.836:ERROR:process_reader_win.cc(123)] NtOpenThread: {アクセス拒否} プロセスはオブジェクトのアクセスを要求しましたが、アクセス権が与えられていません。 (0xc0000022)
[0504/191824.836:ERROR:exception_snapshot_win.cc(98)] thread ID 16984 not found in process
[0504/192032.848:ERROR:process_reader_win.cc(123)] NtOpenThread: {アクセス拒否} プロセスはオブジェクトのアクセスを要求しましたが、アクセス権が与えられていません。 (0xc0000022)
[0504/192032.848:ERROR:exception_snapshot_win.cc(98)] thread ID 2404 not found in process
[0504/192032.932:ERROR:process_reader_win.cc(123)] NtOpenThread: {アクセス拒否} プロセスはオブジェクトのアクセスを要求しましたが、アクセス権が与えられていません。 (0xc0000022)
[0504/192032.932:ERROR:exception_snapshot_win.cc(98)] thread ID 9344 not found in process
